<?xml version="1.0" encoding="UTF-8"?>
<!-- Generated by org.testng.reporters.JUnitReportReporter -->
<testsuite hostname="DESKTOP-0D987AI" failures="0" tests="1" name="maven_example.MavenTestScript" time="58.554" errors="0" timestamp="2019-09-12T20:30:59 IST" skipped="0">
  <testcase classname="maven_example.MavenTestScript" name="registration" time="58.554"/>
</testsuite> <!-- maven_example.MavenTestScript -->
